[INFO  - 2019-12-26T23:24:17.286Z] GhostDriver - Main - running on port 37034
[INFO  - 2019-12-26T23:24:19.300Z] Session [d7401e70-2836-11ea-9275-5597a2d9e70b] - page.settings - {"XSSAuditingEnabled":false,"javascriptCanCloseWindows":true,"javascriptCanOpenWindows":true,"javascriptEnabled":true,"loadImages":true,"localToRemoteUrlAccessEnabled":false,"userAgent":"Mozilla/5.0 (Windows NT 6.2; WOW64) AppleWebKit/538.1 (KHTML, like Gecko) PhantomJS/2.1.1 Safari/538.1","webSecurityEnabled":true}
[INFO  - 2019-12-26T23:24:19.300Z] Session [d7401e70-2836-11ea-9275-5597a2d9e70b] - page.customHeaders:  - {}
[INFO  - 2019-12-26T23:24:19.323Z] Session [d7401e70-2836-11ea-9275-5597a2d9e70b] - Session.negotiatedCapabilities - {"browserName":"phantomjs","version":"2.1.1","driverName":"ghostdriver","driverVersion":"1.2.0","platform":"windows-10-32bit","javascriptEnabled":true,"takesScreenshot":true,"handlesAlerts":false,"databaseEnabled":false,"locationContextEnabled":false,"applicationCacheEnabled":false,"browserConnectionEnabled":false,"cssSelectorsEnabled":true,"webStorageEnabled":false,"rotatable":false,"acceptSslCerts":false,"nativeEvents":true,"proxy":{"proxyType":"direct"}}
[INFO  - 2019-12-26T23:24:19.323Z] SessionManagerReqHand - _postNewSessionCommand - New Session Created: d7401e70-2836-11ea-9275-5597a2d9e70b
[INFO  - 2019-12-26T23:24:42.322Z] ShutdownReqHand - _handle - About to shutdown
[INFO  - 2019-12-26T23:25:32.609Z] GhostDriver - Main - running on port 38847
[INFO  - 2019-12-26T23:25:33.771Z] Session [03a3a4f0-2837-11ea-a3d3-9da7c8862b62] - page.settings - {"XSSAuditingEnabled":false,"javascriptCanCloseWindows":true,"javascriptCanOpenWindows":true,"javascriptEnabled":true,"loadImages":true,"localToRemoteUrlAccessEnabled":false,"userAgent":"Mozilla/5.0 (Windows NT 6.2; WOW64) AppleWebKit/538.1 (KHTML, like Gecko) PhantomJS/2.1.1 Safari/538.1","webSecurityEnabled":true}
[INFO  - 2019-12-26T23:25:33.772Z] Session [03a3a4f0-2837-11ea-a3d3-9da7c8862b62] - page.customHeaders:  - {}
[INFO  - 2019-12-26T23:25:33.772Z] Session [03a3a4f0-2837-11ea-a3d3-9da7c8862b62] - Session.negotiatedCapabilities - {"browserName":"phantomjs","version":"2.1.1","driverName":"ghostdriver","driverVersion":"1.2.0","platform":"windows-10-32bit","javascriptEnabled":true,"takesScreenshot":true,"handlesAlerts":false,"databaseEnabled":false,"locationContextEnabled":false,"applicationCacheEnabled":false,"browserConnectionEnabled":false,"cssSelectorsEnabled":true,"webStorageEnabled":false,"rotatable":false,"acceptSslCerts":false,"nativeEvents":true,"proxy":{"proxyType":"direct"}}
[INFO  - 2019-12-26T23:25:33.773Z] SessionManagerReqHand - _postNewSessionCommand - New Session Created: 03a3a4f0-2837-11ea-a3d3-9da7c8862b62
[INFO  - 2019-12-26T23:26:16.096Z] GhostDriver - Main - running on port 21200
[INFO  - 2019-12-26T23:26:16.771Z] Session [1d44c560-2837-11ea-8853-1d90b0510e43] - page.settings - {"XSSAuditingEnabled":false,"javascriptCanCloseWindows":true,"javascriptCanOpenWindows":true,"javascriptEnabled":true,"loadImages":true,"localToRemoteUrlAccessEnabled":false,"userAgent":"Mozilla/5.0 (Windows NT 6.2; WOW64) AppleWebKit/538.1 (KHTML, like Gecko) PhantomJS/2.1.1 Safari/538.1","webSecurityEnabled":true}
[INFO  - 2019-12-26T23:26:16.771Z] Session [1d44c560-2837-11ea-8853-1d90b0510e43] - page.customHeaders:  - {}
[INFO  - 2019-12-26T23:26:16.772Z] Session [1d44c560-2837-11ea-8853-1d90b0510e43] - Session.negotiatedCapabilities - {"browserName":"phantomjs","version":"2.1.1","driverName":"ghostdriver","driverVersion":"1.2.0","platform":"windows-10-32bit","javascriptEnabled":true,"takesScreenshot":true,"handlesAlerts":false,"databaseEnabled":false,"locationContextEnabled":false,"applicationCacheEnabled":false,"browserConnectionEnabled":false,"cssSelectorsEnabled":true,"webStorageEnabled":false,"rotatable":false,"acceptSslCerts":false,"nativeEvents":true,"proxy":{"proxyType":"direct"}}
[INFO  - 2019-12-26T23:26:16.772Z] SessionManagerReqHand - _postNewSessionCommand - New Session Created: 1d44c560-2837-11ea-8853-1d90b0510e43
[INFO  - 2019-12-26T23:26:45.867Z] GhostDriver - Main - running on port 36579
[INFO  - 2019-12-26T23:26:46.567Z] Session [2f072090-2837-11ea-a91e-1d39aaba0149] - page.settings - {"XSSAuditingEnabled":false,"javascriptCanCloseWindows":true,"javascriptCanOpenWindows":true,"javascriptEnabled":true,"loadImages":true,"localToRemoteUrlAccessEnabled":false,"userAgent":"Mozilla/5.0 (Windows NT 6.2; WOW64) AppleWebKit/538.1 (KHTML, like Gecko) PhantomJS/2.1.1 Safari/538.1","webSecurityEnabled":true}
[INFO  - 2019-12-26T23:26:46.568Z] Session [2f072090-2837-11ea-a91e-1d39aaba0149] - page.customHeaders:  - {}
[INFO  - 2019-12-26T23:26:46.568Z] Session [2f072090-2837-11ea-a91e-1d39aaba0149] - Session.negotiatedCapabilities - {"browserName":"phantomjs","version":"2.1.1","driverName":"ghostdriver","driverVersion":"1.2.0","platform":"windows-10-32bit","javascriptEnabled":true,"takesScreenshot":true,"handlesAlerts":false,"databaseEnabled":false,"locationContextEnabled":false,"applicationCacheEnabled":false,"browserConnectionEnabled":false,"cssSelectorsEnabled":true,"webStorageEnabled":false,"rotatable":false,"acceptSslCerts":false,"nativeEvents":true,"proxy":{"proxyType":"direct"}}
[INFO  - 2019-12-26T23:26:46.569Z] SessionManagerReqHand - _postNewSessionCommand - New Session Created: 2f072090-2837-11ea-a91e-1d39aaba0149
[INFO  - 2019-12-26T23:28:39.211Z] GhostDriver - Main - running on port 22006
[INFO  - 2019-12-26T23:28:40.415Z] Session [72e230c0-2837-11ea-91f6-1382f5ab3647] - page.settings - {"XSSAuditingEnabled":false,"javascriptCanCloseWindows":true,"javascriptCanOpenWindows":true,"javascriptEnabled":true,"loadImages":true,"localToRemoteUrlAccessEnabled":false,"userAgent":"Mozilla/5.0 (Windows NT 6.2; WOW64) AppleWebKit/538.1 (KHTML, like Gecko) PhantomJS/2.1.1 Safari/538.1","webSecurityEnabled":true}
[INFO  - 2019-12-26T23:28:40.416Z] Session [72e230c0-2837-11ea-91f6-1382f5ab3647] - page.customHeaders:  - {}
[INFO  - 2019-12-26T23:28:40.416Z] Session [72e230c0-2837-11ea-91f6-1382f5ab3647] - Session.negotiatedCapabilities - {"browserName":"phantomjs","version":"2.1.1","driverName":"ghostdriver","driverVersion":"1.2.0","platform":"windows-10-32bit","javascriptEnabled":true,"takesScreenshot":true,"handlesAlerts":false,"databaseEnabled":false,"locationContextEnabled":false,"applicationCacheEnabled":false,"browserConnectionEnabled":false,"cssSelectorsEnabled":true,"webStorageEnabled":false,"rotatable":false,"acceptSslCerts":false,"nativeEvents":true,"proxy":{"proxyType":"direct"}}
[INFO  - 2019-12-26T23:28:40.417Z] SessionManagerReqHand - _postNewSessionCommand - New Session Created: 72e230c0-2837-11ea-91f6-1382f5ab3647
[INFO  - 2019-12-26T23:30:20.663Z] GhostDriver - Main - running on port 36525
[INFO  - 2019-12-26T23:30:21.410Z] Session [af159140-2837-11ea-8ecb-797f5defe97e] - page.settings - {"XSSAuditingEnabled":false,"javascriptCanCloseWindows":true,"javascriptCanOpenWindows":true,"javascriptEnabled":true,"loadImages":true,"localToRemoteUrlAccessEnabled":false,"userAgent":"Mozilla/5.0 (Windows NT 6.2; WOW64) AppleWebKit/538.1 (KHTML, like Gecko) PhantomJS/2.1.1 Safari/538.1","webSecurityEnabled":true}
[INFO  - 2019-12-26T23:30:21.411Z] Session [af159140-2837-11ea-8ecb-797f5defe97e] - page.customHeaders:  - {}
[INFO  - 2019-12-26T23:30:21.412Z] Session [af159140-2837-11ea-8ecb-797f5defe97e] - Session.negotiatedCapabilities - {"browserName":"phantomjs","version":"2.1.1","driverName":"ghostdriver","driverVersion":"1.2.0","platform":"windows-10-32bit","javascriptEnabled":true,"takesScreenshot":true,"handlesAlerts":false,"databaseEnabled":false,"locationContextEnabled":false,"applicationCacheEnabled":false,"browserConnectionEnabled":false,"cssSelectorsEnabled":true,"webStorageEnabled":false,"rotatable":false,"acceptSslCerts":false,"nativeEvents":true,"proxy":{"proxyType":"direct"}}
[INFO  - 2019-12-26T23:30:21.413Z] SessionManagerReqHand - _postNewSessionCommand - New Session Created: af159140-2837-11ea-8ecb-797f5defe97e
[INFO  - 2019-12-26T23:30:26.624Z] ShutdownReqHand - _handle - About to shutdown
